<?xml version="1.0" encoding="UTF-8"?>
<!-- Generated by org.testng.reporters.JUnitXMLReporter -->
<testsuite ignored="0" hostname="DESKTOP-T8A0J9M" failures="3" tests="28" name="Surefire test" time="28.14" errors="0" timestamp="2022-07-21T23:16:38 IST">
  <testcase classname="TestNGProgram.CrossBrowseTest" name="@BeforeClass beforeClass" time="-1.658425570775E9">
    <failure type="org.testng.TestNGException" message="
Parameter &amp;apos;browser&amp;apos; is required by BeforeClass on method beforeClass but has not been marked @Optional or defined
">
      <![CDATA[org.testng.TestNGException: 
Parameter 'browser' is required by BeforeClass on method beforeClass but has not been marked @Optional or defined

at java.base/java.util.ArrayList.forEach(ArrayList.java:1511)
... Removed 27 stack frames]]>
    </failure>
  </testcase> <!-- @BeforeClass beforeClass -->
  <testcase classname="TestNGProgram.AnnotationTest" name="f" time="0.001"/>
  <testcase classname="TestNGProgram.AnnotationTest" name="s" time="0.001"/>
  <testcase classname="TestNGProgram.CrossBrowseTest" name="check_Title" time="0.0">
    <skipped/>
  </testcase> <!-- check_Title -->
  <testcase classname="TestNGProgram.CrossBrowseTest" name="login" time="0.0">
    <skipped/>
  </testcase> <!-- login -->
  <testcase classname="TestNGProgram.CrossBrowseTest" name="teardown" time="0.0">
    <skipped/>
  </testcase> <!-- teardown -->
  <testcase classname="TestNGProgram.DataDrivenTest" name="f" time="0.0"/>
  <testcase classname="TestNGProgram.DataDrivenTest" name="f" time="0.0"/>
  <testcase classname="TestNGProgram.DataDrivenTest" name="f" time="0.0"/>
  <testcase classname="TestNGProgram.DataDrivenTest" name="f" time="0.0"/>
  <testcase classname="TestNGProgram.DataDrivenTest" name="f" time="0.0"/>
  <testcase classname="TestNGProgram.DataDrivenTest" name="f" time="0.0"/>
  <testcase classname="TestNGProgram.DataDrivenTest" name="f" time="0.001"/>
  <testcase classname="TestNGProgram.DataDrivenTest" name="f" time="0.0"/>
  <testcase classname="TestNGProgram.DataDrivenTest" name="f" time="0.0"/>
  <testcase classname="TestNGProgram.DataDrivenTest" name="f" time="0.0"/>
  <testcase classname="TestNGProgram.NewTest" name="a" time="0.0"/>
  <testcase classname="TestNGProgram.NewTest" name="f" time="0.001"/>
  <testcase classname="TestNGProgram.NewTest" name="s" time="0.001"/>
  <testcase classname="TestNGProgram.NewTest" name="failedTest" time="0.009">
    <failure type="java.lang.AssertionError" message="expected [true] but found [false]">
      <![CDATA[java.lang.AssertionError: expected [true] but found [false]
at TestNGProgram.NewTest.failedTest(NewTest.java:27)
at java.base/java.util.ArrayList.forEach(ArrayList.java:1511)
... Removed 38 stack frames]]>
    </failure>
  </testcase> <!-- failedTest -->
  <testcase classname="TestNGProgram.ParallelTest" name="ChromeTest" time="3.792">
    <failure type="org.testng.TestException" message="
Method ParallelTest.ChromeTest()[pri:0, instance:TestNGProgram.ParallelTest@27ff5d15] should have thrown an exception of type class org.testng.internal.thread.ThreadTimeoutException">
      <![CDATA[org.testng.TestException: 
at java.base/java.util.ArrayList.forEach(ArrayList.java:1511)
... Removed 30 stack frames]]>
    </failure>
  </testcase> <!-- ChromeTest -->
  <testcase classname="TestNGProgram.ParallelTest" name="EdgeTest" time="4.591"/>
  <testcase classname="TestNGProgram.ParallelTest" name="EdgeTest" time="5.014">
    <failure type="org.testng.internal.thread.ThreadTimeoutException" message="Method TestNGProgram.ParallelTest.EdgeTest() didn&amp;apos;t finish within the time-out 5000">
      <![CDATA[org.testng.internal.thread.ThreadTimeoutException: Method TestNGProgram.ParallelTest.EdgeTest() didn't finish within the time-out 5000
at java.base/java.util.concurrent.FutureTask.run(FutureTask.java:264)
at java.base/java.util.concurrent.ThreadPoolExecutor.runWorker(ThreadPoolExecutor.java:1136)
at java.base/java.util.concurrent.ThreadPoolExecutor$Worker.run(ThreadPoolExecutor.java:635)
at java.base/java.lang.Thread.run(Thread.java:833)
... Removed 10 stack frames]]>
    </failure>
  </testcase> <!-- EdgeTest -->
  <testcase classname="TestNGProgram.ParallelTest" name="FirefoxTest" time="6.682"/>
  <testcase classname="TestNGProgram.TestGroup_priority" name="launch_chrome" time="2.908"/>
  <testcase classname="TestNGProgram.TestGroup_priority" name="check_login" time="0.169"/>
  <testcase classname="TestNGProgram.TestGroup_priority" name="check_Title" time="3.26"/>
  <testcase classname="TestNGProgram.TestGroup_priority" name="check_forgotpassword" time="2.054"/>
  <testcase classname="TestNGProgram.TestGroup_priority" name="tear_down" time="4.165"/>
</testsuite> <!-- Surefire test -->
