<!DOCTYPE html PUBLIC "-//W3C//DTD XHTML 1.1//EN" "https://www.w3.org/TR/xhtml11/DTD/xhtml11.dtd">
<html xmlns="https://www.w3.org/1999/xhtml">
<head>
<meta http-equiv="content-type" content="text/html; charset=UTF-8"/>
<title>TestNG Report</title>
<style type="text/css">table {margin-bottom:10px;border-collapse:collapse;empty-cells:show}th,td {border:1px solid #009;padding:.25em .5em}th {vertical-align:bottom}td {vertical-align:top}table a {font-weight:bold}.stripe td {background-color: #E6EBF9}.num {text-align:right}.passedodd td {background-color: #3F3}.passedeven td {background-color: #0A0}.skippedodd td {background-color: #DDD}.skippedeven td {background-color: #CCC}.failedodd td,.attn {background-color: #F33}.failedeven td,.stripe .attn {background-color: #D00}.stacktrace {white-space:pre;font-family:monospace}.totop {font-size:85%;text-align:center;border-bottom:2px solid #000}.invisible {display:none}</style>
</head>
<body>
<table>
<tr><th>Test</th><th># Passed</th><th># Skipped</th><th># Retried</th><th># Failed</th><th>Time (ms)</th><th>Included Groups</th><th>Excluded Groups</th></tr>
<tr><th colspan="8">Surefire suite</th></tr>
<tr><td><a href="#t0">Surefire test</a></td><td class="num">22</td><td class="num attn">3</td><td class="num">0</td><td class="num attn">3</td><td class="num">28,140</td><td></td><td></td></tr>
</table>
<table id='summary'><thead><tr><th>Class</th><th>Method</th><th>Start</th><th>Time (ms)</th></tr></thead><tbody><tr><th colspan="4">Surefire suite</th></tr></tbody><tbody id="t0"><tr><th colspan="4">Surefire test &#8212; failed (configuration methods)</th></tr><tr class="failedeven"><td rowspan="1">TestNGProgram.CrossBrowseTest</td><td><a href="#m0">beforeClass</a></td><td rowspan="1">1658425570775</td><td rowspan="1">-1658425570775</td></tr><tr><th colspan="4">Surefire test &#8212; failed</th></tr><tr class="failedeven"><td rowspan="1">TestNGProgram.NewTest</td><td><a href="#m1">failedTest</a></td><td rowspan="1">1658425570812</td><td rowspan="1">9</td></tr><tr class="failedodd"><td rowspan="2">TestNGProgram.ParallelTest</td><td><a href="#m2">ChromeTest</a></td><td rowspan="1">1658425570822</td><td rowspan="1">3792</td></tr><tr class="failedodd"><td><a href="#m3">EdgeTest</a></td><td rowspan="1">1658425574626</td><td rowspan="1">5014</td></tr><tr><th colspan="4">Surefire test &#8212; skipped</th></tr><tr class="skippedeven"><td rowspan="3">TestNGProgram.CrossBrowseTest</td><td><a href="#m4">check_Title</a></td><td rowspan="1">1658425570789</td><td rowspan="1">0</td></tr><tr class="skippedeven"><td><a href="#m5">login</a></td><td rowspan="1">1658425570790</td><td rowspan="1">0</td></tr><tr class="skippedeven"><td><a href="#m6">teardown</a></td><td rowspan="1">1658425570791</td><td rowspan="1">0</td></tr><tr><th colspan="4">Surefire test &#8212; passed</th></tr><tr class="passedeven"><td rowspan="2">TestNGProgram.AnnotationTest</td><td><a href="#m7">f</a></td><td rowspan="1">1658425570768</td><td rowspan="1">1</td></tr><tr class="passedeven"><td><a href="#m8">s</a></td><td rowspan="1">1658425570772</td><td rowspan="1">1</td></tr><tr class="passedodd"><td rowspan="10">TestNGProgram.DataDrivenTest</td><td><a href="#m9">f</a></td><td rowspan="10">1658425570799</td><td rowspan="10">0</td></tr><tr class="passedodd"><td><a href="#m10">f</a></td></tr><tr class="passedodd"><td><a href="#m11">f</a></td></tr><tr class="passedodd"><td><a href="#m12">f</a></td></tr><tr class="passedodd"><td><a href="#m13">f</a></td></tr><tr class="passedodd"><td><a href="#m14">f</a></td></tr><tr class="passedodd"><td><a href="#m15">f</a></td></tr><tr class="passedodd"><td><a href="#m16">f</a></td></tr><tr class="passedodd"><td><a href="#m17">f</a></td></tr><tr class="passedodd"><td><a href="#m18">f</a></td></tr><tr class="passedeven"><td rowspan="3">TestNGProgram.NewTest</td><td><a href="#m19">a</a></td><td rowspan="1">1658425570804</td><td rowspan="1">0</td></tr><tr class="passedeven"><td><a href="#m20">f</a></td><td rowspan="1">1658425570808</td><td rowspan="1">1</td></tr><tr class="passedeven"><td><a href="#m21">s</a></td><td rowspan="1">1658425570810</td><td rowspan="1">1</td></tr><tr class="passedodd"><td rowspan="2">TestNGProgram.ParallelTest</td><td><a href="#m22">EdgeTest</a></td><td rowspan="1">1658425574626</td><td rowspan="1">4591</td></tr><tr class="passedodd"><td><a href="#m23">FirefoxTest</a></td><td rowspan="1">1658425579629</td><td rowspan="1">6682</td></tr><tr class="passedeven"><td rowspan="5">TestNGProgram.TestGroup_priority</td><td><a href="#m24">check_Title</a></td><td rowspan="1">1658425589394</td><td rowspan="1">3260</td></tr><tr class="passedeven"><td><a href="#m25">check_forgotpassword</a></td><td rowspan="1">1658425592656</td><td rowspan="1">2054</td></tr><tr class="passedeven"><td><a href="#m26">check_login</a></td><td rowspan="1">1658425589223</td><td rowspan="1">169</td></tr><tr class="passedeven"><td><a href="#m27">launch_chrome</a></td><td rowspan="1">1658425586313</td><td rowspan="1">2908</td></tr><tr class="passedeven"><td><a href="#m28">tear_down</a></td><td rowspan="1">1658425594711</td><td rowspan="1">4165</td></tr></tbody>
</table>
<h2>Surefire test</h2><h3 id="m0">TestNGProgram.CrossBrowseTest#beforeClass</h3><table class="result"><tr><th>Exception</th></tr><tr><td><div class="stacktrace">org.testng.TestNGException: 
Parameter &apos;browser&apos; is required by BeforeClass on method beforeClass but has not been marked @Optional or defined

	at java.base/java.util.ArrayList.forEach(ArrayList.java:1511)
... Removed 27 stack frames</div></td></tr></table><p class="totop"><a href="#summary">back to summary</a></p>
<h3 id="m1">TestNGProgram.NewTest#failedTest</h3><table class="result"><tr><th>Exception</th></tr><tr><td><div class="stacktrace">java.lang.AssertionError: expected [true] but found [false]
	at TestNGProgram.NewTest.failedTest(NewTest.java:27)
	at java.base/java.util.ArrayList.forEach(ArrayList.java:1511)
... Removed 38 stack frames</div></td></tr></table><p class="totop"><a href="#summary">back to summary</a></p>
<h3 id="m2">TestNGProgram.ParallelTest#ChromeTest</h3><table class="result"><tr><th>Exception</th></tr><tr><td><div class="stacktrace">org.testng.TestException: 
	at java.base/java.util.ArrayList.forEach(ArrayList.java:1511)
... Removed 30 stack frames</div></td></tr></table><p class="totop"><a href="#summary">back to summary</a></p>
<h3 id="m3">TestNGProgram.ParallelTest#EdgeTest</h3><table class="result"><tr><th>Exception</th></tr><tr><td><div class="stacktrace">org.testng.internal.thread.ThreadTimeoutException: Method TestNGProgram.ParallelTest.EdgeTest() didn&apos;t finish within the time-out 5000
	at java.base/java.util.concurrent.FutureTask.run(FutureTask.java:264)
	at java.base/java.util.concurrent.ThreadPoolExecutor.runWorker(ThreadPoolExecutor.java:1136)
	at java.base/java.util.concurrent.ThreadPoolExecutor$Worker.run(ThreadPoolExecutor.java:635)
	at java.base/java.lang.Thread.run(Thread.java:833)
... Removed 10 stack frames</div></td></tr></table><p class="totop"><a href="#summary">back to summary</a></p>
<h3 id="m4">TestNGProgram.CrossBrowseTest#check_Title</h3><table class="result"><tr><th>Exception</th></tr><tr><td><div class="stacktrace">org.testng.TestNGException: 
Parameter &apos;browser&apos; is required by BeforeClass on method beforeClass but has not been marked @Optional or defined

	at java.base/java.util.ArrayList.forEach(ArrayList.java:1511)
... Removed 27 stack frames</div></td></tr></table><p class="totop"><a href="#summary">back to summary</a></p>
<h3 id="m5">TestNGProgram.CrossBrowseTest#login</h3><table class="result"><tr><th>Exception</th></tr><tr><td><div class="stacktrace">org.testng.TestNGException: 
Parameter &apos;browser&apos; is required by BeforeClass on method beforeClass but has not been marked @Optional or defined

	at java.base/java.util.ArrayList.forEach(ArrayList.java:1511)
... Removed 27 stack frames</div></td></tr></table><p class="totop"><a href="#summary">back to summary</a></p>
<h3 id="m6">TestNGProgram.CrossBrowseTest#teardown</h3><table class="result"><tr><th>Exception</th></tr><tr><td><div class="stacktrace">org.testng.TestNGException: 
Parameter &apos;browser&apos; is required by BeforeClass on method beforeClass but has not been marked @Optional or defined

	at java.base/java.util.ArrayList.forEach(ArrayList.java:1511)
... Removed 27 stack frames</div></td></tr></table><p class="totop"><a href="#summary">back to summary</a></p>
<h3 id="m7">TestNGProgram.AnnotationTest#f</h3><table class="result"><tr><th class="invisible"/></tr></table><p class="totop"><a href="#summary">back to summary</a></p>
<h3 id="m8">TestNGProgram.AnnotationTest#s</h3><table class="result"><tr><th class="invisible"/></tr></table><p class="totop"><a href="#summary">back to summary</a></p>
<h3 id="m9">TestNGProgram.DataDrivenTest#f</h3><table class="result"><tr class="param"><th>Parameter #1</th><th>Parameter #2</th></tr><tr class="param stripe"><td>4</td><td>d</td></tr></table><p class="totop"><a href="#summary">back to summary</a></p>
<h3 id="m10">TestNGProgram.DataDrivenTest#f</h3><table class="result"><tr class="param"><th>Parameter #1</th><th>Parameter #2</th></tr><tr class="param stripe"><td>9</td><td>i</td></tr></table><p class="totop"><a href="#summary">back to summary</a></p>
<h3 id="m11">TestNGProgram.DataDrivenTest#f</h3><table class="result"><tr class="param"><th>Parameter #1</th><th>Parameter #2</th></tr><tr class="param stripe"><td>10</td><td>j</td></tr></table><p class="totop"><a href="#summary">back to summary</a></p>
<h3 id="m12">TestNGProgram.DataDrivenTest#f</h3><table class="result"><tr class="param"><th>Parameter #1</th><th>Parameter #2</th></tr><tr class="param stripe"><td>3</td><td>c</td></tr></table><p class="totop"><a href="#summary">back to summary</a></p>
<h3 id="m13">TestNGProgram.DataDrivenTest#f</h3><table class="result"><tr class="param"><th>Parameter #1</th><th>Parameter #2</th></tr><tr class="param stripe"><td>6</td><td>f</td></tr></table><p class="totop"><a href="#summary">back to summary</a></p>
<h3 id="m14">TestNGProgram.DataDrivenTest#f</h3><table class="result"><tr class="param"><th>Parameter #1</th><th>Parameter #2</th></tr><tr class="param stripe"><td>2</td><td>b</td></tr></table><p class="totop"><a href="#summary">back to summary</a></p>
<h3 id="m15">TestNGProgram.DataDrivenTest#f</h3><table class="result"><tr class="param"><th>Parameter #1</th><th>Parameter #2</th></tr><tr class="param stripe"><td>8</td><td>h</td></tr></table><p class="totop"><a href="#summary">back to summary</a></p>
<h3 id="m16">TestNGProgram.DataDrivenTest#f</h3><table class="result"><tr class="param"><th>Parameter #1</th><th>Parameter #2</th></tr><tr class="param stripe"><td>1</td><td>a</td></tr></table><p class="totop"><a href="#summary">back to summary</a></p>
<h3 id="m17">TestNGProgram.DataDrivenTest#f</h3><table class="result"><tr class="param"><th>Parameter #1</th><th>Parameter #2</th></tr><tr class="param stripe"><td>7</td><td>g</td></tr></table><p class="totop"><a href="#summary">back to summary</a></p>
<h3 id="m18">TestNGProgram.DataDrivenTest#f</h3><table class="result"><tr class="param"><th>Parameter #1</th><th>Parameter #2</th></tr><tr class="param stripe"><td>5</td><td>e</td></tr></table><p class="totop"><a href="#summary">back to summary</a></p>
<h3 id="m19">TestNGProgram.NewTest#a</h3><table class="result"><tr><th class="invisible"/></tr></table><p class="totop"><a href="#summary">back to summary</a></p>
<h3 id="m20">TestNGProgram.NewTest#f</h3><table class="result"><tr><th>Messages</th></tr><tr><td><div class="messages">This is my first log</div></td></tr></table><p class="totop"><a href="#summary">back to summary</a></p>
<h3 id="m21">TestNGProgram.NewTest#s</h3><table class="result"><tr><th>Messages</th></tr><tr><td><div class="messages">This is my second log</div></td></tr></table><p class="totop"><a href="#summary">back to summary</a></p>
<h3 id="m22">TestNGProgram.ParallelTest#EdgeTest</h3><table class="result"><tr><th class="invisible"/></tr></table><p class="totop"><a href="#summary">back to summary</a></p>
<h3 id="m23">TestNGProgram.ParallelTest#FirefoxTest</h3><table class="result"><tr><th class="invisible"/></tr></table><p class="totop"><a href="#summary">back to summary</a></p>
<h3 id="m24">TestNGProgram.TestGroup_priority#check_Title</h3><table class="result"><tr><th class="invisible"/></tr></table><p class="totop"><a href="#summary">back to summary</a></p>
<h3 id="m25">TestNGProgram.TestGroup_priority#check_forgotpassword</h3><table class="result"><tr><th class="invisible"/></tr></table><p class="totop"><a href="#summary">back to summary</a></p>
<h3 id="m26">TestNGProgram.TestGroup_priority#check_login</h3><table class="result"><tr><th class="invisible"/></tr></table><p class="totop"><a href="#summary">back to summary</a></p>
<h3 id="m27">TestNGProgram.TestGroup_priority#launch_chrome</h3><table class="result"><tr><th class="invisible"/></tr></table><p class="totop"><a href="#summary">back to summary</a></p>
<h3 id="m28">TestNGProgram.TestGroup_priority#tear_down</h3><table class="result"><tr><th class="invisible"/></tr></table><p class="totop"><a href="#summary">back to summary</a></p>
</body>
</html>
